<?xml version="1.0" encoding="UTF-8"?>
<!-- Generated by org.testng.reporters.JUnitReportReporter -->
<testsuite hostname="Rohit" failures="0" tests="1" name="Runner.TestRun" time="8.572" errors="0" timestamp="2025-09-27T00:56:24 IST" skipped="0">
  <testcase classname="Runner.TestRun" name="runScenario" time="8.572"/>
</testsuite> <!-- Runner.TestRun -->
