<?xml version="1.0" encoding="UTF-8"?>
<!-- Generated by org.testng.reporters.JUnitReportReporter -->
<testsuite hostname="Rohit" failures="0" tests="1" name="Runner.TestRun" time="11.741" errors="0" timestamp="2025-09-26T23:00:13 IST" skipped="0">
  <testcase classname="Runner.TestRun" name="runScenario" time="11.741"/>
</testsuite> <!-- Runner.TestRun -->
